<?xml version="1.0" encoding="UTF-8"?>
<testng-results ignored="0" total="1" passed="1" failed="0" skipped="0">
  <reporter-output>
  </reporter-output>
  <suite started-at="2024-09-09T17:53:00Z" name="Default suite" finished-at="2024-09-09T17:53:43Z" duration-ms="42440">
    <groups>
    </groups>
    <test started-at="2024-09-09T17:53:00Z" name="Default test" finished-at="2024-09-09T17:53:43Z" duration-ms="42440">
      <class name="testCases.TC01_Samples">
        <test-method is-config="true" signature="startWebDriver()[pri:0, instance:testCases.TC01_Samples@1431267b]" started-at="2024-09-09T10:53:00Z" name="startWebDriver" finished-at="2024-09-09T10:53:02Z" duration-ms="1880" status="PASS">
          <reporter-output>
          </reporter-output>
        </test-method> <!-- startWebDriver -->
        <test-method signature="TC01()[pri:0, instance:testCases.TC01_Samples@1431267b]" started-at="2024-09-09T10:53:02Z" name="TC01" finished-at="2024-09-09T10:53:43Z" duration-ms="40511" status="PASS">
          <reporter-output>
          </reporter-output>
        </test-method> <!-- TC01 -->
      </class> <!-- testCases.TC01_Samples -->
    </test> <!-- Default test -->
  </suite> <!-- Default suite -->
</testng-results>
